2021-08-18 00:36:27,936     INFO Updated item f{uid}
2021-08-18 00:37:16,119     INFO Updated item f{uid}
2021-08-18 13:44:49,217     INFO index 'score' cannot be applied to Cursor instances
2021-08-18 13:44:49,217     INFO No score exists for uuid, brand new player
2021-08-18 13:46:16,756     INFO index 'score' cannot be applied to Cursor instances
2021-08-18 13:46:16,756     INFO No score exists for uuid, brand new player
2021-08-18 16:17:28,293     INFO not authorized on wataguess to execute command { find: "score", filter: { uuid: 216142038574301195 }, limit: 1, singleBatch: true, lsid: { id: UUID("69f9f611-8045-4288-ac77-2e464dfa47b1") }, $db: "wataguess", $readPreference: { mode: "primaryPreferred" } }, full error: {'ok': 0.0, 'errmsg': 'not authorized on wataguess to execute command { find: "score", filter: { uuid: 216142038574301195 }, limit: 1, singleBatch: true, lsid: { id: UUID("69f9f611-8045-4288-ac77-2e464dfa47b1") }, $db: "wataguess", $readPreference: { mode: "primaryPreferred" } }', 'code': 13, 'codeName': 'Unauthorized'}
2021-08-18 16:17:28,294     INFO Looks like this user has not played yet
2021-08-18 16:20:19,536     INFO not authorized on wataguess to execute command { find: "score", filter: { uuid: 216142038574301195 }, limit: 1, singleBatch: true, lsid: { id: UUID("69f9f611-8045-4288-ac77-2e464dfa47b1") }, $db: "wataguess", $readPreference: { mode: "primaryPreferred" } }, full error: {'ok': 0.0, 'errmsg': 'not authorized on wataguess to execute command { find: "score", filter: { uuid: 216142038574301195 }, limit: 1, singleBatch: true, lsid: { id: UUID("69f9f611-8045-4288-ac77-2e464dfa47b1") }, $db: "wataguess", $readPreference: { mode: "primaryPreferred" } }', 'code': 13, 'codeName': 'Unauthorized'}
2021-08-18 16:20:19,537     INFO Looks like this user has not played yet
2021-08-18 16:20:39,124     INFO not authorized on wataguess to execute command { find: "score", filter: { uuid: 216142038574301195 }, limit: 1, singleBatch: true, lsid: { id: UUID("1bc2b79c-727d-4998-83a8-ad71bc28c8dd") }, $db: "wataguess", $readPreference: { mode: "primaryPreferred" } }, full error: {'ok': 0.0, 'errmsg': 'not authorized on wataguess to execute command { find: "score", filter: { uuid: 216142038574301195 }, limit: 1, singleBatch: true, lsid: { id: UUID("1bc2b79c-727d-4998-83a8-ad71bc28c8dd") }, $db: "wataguess", $readPreference: { mode: "primaryPreferred" } }', 'code': 13, 'codeName': 'Unauthorized'}
2021-08-18 16:20:39,125     INFO Looks like this user has not played yet
2021-08-18 16:34:43,957     INFO not authorized on wataguess to execute command { find: "score", filter: { uuid: 216142038574301195 }, limit: 1, singleBatch: true, lsid: { id: UUID("1bc2b79c-727d-4998-83a8-ad71bc28c8dd") }, $db: "wataguess", $readPreference: { mode: "primaryPreferred" } }, full error: {'ok': 0.0, 'errmsg': 'not authorized on wataguess to execute command { find: "score", filter: { uuid: 216142038574301195 }, limit: 1, singleBatch: true, lsid: { id: UUID("1bc2b79c-727d-4998-83a8-ad71bc28c8dd") }, $db: "wataguess", $readPreference: { mode: "primaryPreferred" } }', 'code': 13, 'codeName': 'Unauthorized'}
2021-08-18 16:34:43,958     INFO Looks like this user has not played yet
2021-08-18 16:35:03,087     INFO not authorized on wataguess to execute command { find: "score", filter: { uuid: 216142038574301195 }, limit: 1, singleBatch: true, lsid: { id: UUID("aa7e3487-a16f-4b4b-95af-fd5e061d48ed") }, $db: "wataguess", $readPreference: { mode: "primaryPreferred" } }, full error: {'ok': 0.0, 'errmsg': 'not authorized on wataguess to execute command { find: "score", filter: { uuid: 216142038574301195 }, limit: 1, singleBatch: true, lsid: { id: UUID("aa7e3487-a16f-4b4b-95af-fd5e061d48ed") }, $db: "wataguess", $readPreference: { mode: "primaryPreferred" } }', 'code': 13, 'codeName': 'Unauthorized'}
2021-08-18 16:35:03,087     INFO Looks like this user has not played yet
2021-08-18 16:40:20,211     INFO Authentication failed., full error: {'ok': 0.0, 'errmsg': 'Authentication failed.', 'code': 18, 'codeName': 'AuthenticationFailed'}
2021-08-18 16:40:20,212     INFO Looks like this user has not played yet
2021-08-18 16:41:30,737     INFO Authentication failed., full error: {'ok': 0.0, 'errmsg': 'Authentication failed.', 'code': 18, 'codeName': 'AuthenticationFailed'}
2021-08-18 16:41:30,737     INFO Looks like this user has not played yet
